<?xml version="1.0" encoding="UTF-8"?>
<testsuite xmlns:xsi="http://www.w3.org/2001/XMLSchema-instance" xsi:noNamespaceSchemaLocation="https://maven.apache.org/surefire/maven-surefire-plugin/xsd/surefire-test-report.xsd" name="com.yj.MiaoshaSystemApplicationTests" time="5.909" tests="1" errors="0" skipped="0" failures="0">
  <properties>
    <property name="sun.desktop" value="windows"/>
    <property name="awt.toolkit" value="sun.awt.windows.WToolkit"/>
    <property name="file.encoding.pkg" value="sun.io"/>
    <property name="java.specification.version" value="1.8"/>
    <property name="sun.cpu.isalist" value="amd64"/>
    <property name="sun.jnu.encoding" value="GBK"/>
    <property name="java.class.path" value="F:\IdeaProjects\qst\miaosha_system\target\test-classes;F:\IdeaProjects\qst\miaosha_system\target\classes;F:\apache-maven-3.6.0\Repository\org\springframework\boot\spring-boot-starter-data-redis\2.3.4.RELEASE\spring-boot-starter-data-redis-2.3.4.RELEASE.jar;F:\apache-maven-3.6.0\Repository\org\springframework\boot\spring-boot-starter\2.3.4.RELEASE\spring-boot-starter-2.3.4.RELEASE.jar;F:\apache-maven-3.6.0\Repository\org\springframework\boot\spring-boot\2.3.4.RELEASE\spring-boot-2.3.4.RELEASE.jar;F:\apache-maven-3.6.0\Repository\org\springframework\boot\spring-boot-autoconfigure\2.3.4.RELEASE\spring-boot-autoconfigure-2.3.4.RELEASE.jar;F:\apache-maven-3.6.0\Repository\org\springframework\boot\spring-boot-starter-logging\2.3.4.RELEASE\spring-boot-starter-logging-2.3.4.RELEASE.jar;F:\apache-maven-3.6.0\Repository\ch\qos\logback\logback-classic\1.2.3\logback-classic-1.2.3.jar;F:\apache-maven-3.6.0\Repository\ch\qos\logback\logback-core\1.2.3\logback-core-1.2.3.jar;F:\apache-maven-3.6.0\Repository\org\apache\logging\log4j\log4j-to-slf4j\2.13.3\log4j-to-slf4j-2.13.3.jar;F:\apache-maven-3.6.0\Repository\org\apache\logging\log4j\log4j-api\2.13.3\log4j-api-2.13.3.jar;F:\apache-maven-3.6.0\Repository\org\slf4j\jul-to-slf4j\1.7.30\jul-to-slf4j-1.7.30.jar;F:\apache-maven-3.6.0\Repository\jakarta\annotation\jakarta.annotation-api\1.3.5\jakarta.annotation-api-1.3.5.jar;F:\apache-maven-3.6.0\Repository\org\yaml\snakeyaml\1.26\snakeyaml-1.26.jar;F:\apache-maven-3.6.0\Repository\org\springframework\data\spring-data-redis\2.3.4.RELEASE\spring-data-redis-2.3.4.RELEASE.jar;F:\apache-maven-3.6.0\Repository\org\springframework\data\spring-data-keyvalue\2.3.4.RELEASE\spring-data-keyvalue-2.3.4.RELEASE.jar;F:\apache-maven-3.6.0\Repository\org\springframework\data\spring-data-commons\2.3.4.RELEASE\spring-data-commons-2.3.4.RELEASE.jar;F:\apache-maven-3.6.0\Repository\org\springframework\spring-tx\5.2.9.RELEASE\spring-tx-5.2.9.RELEASE.jar;F:\apache-maven-3.6.0\Repository\org\springframework\spring-oxm\5.2.9.RELEASE\spring-oxm-5.2.9.RELEASE.jar;F:\apache-maven-3.6.0\Repository\org\springframework\spring-aop\5.2.9.RELEASE\spring-aop-5.2.9.RELEASE.jar;F:\apache-maven-3.6.0\Repository\org\springframework\spring-context-support\5.2.9.RELEASE\spring-context-support-5.2.9.RELEASE.jar;F:\apache-maven-3.6.0\Repository\org\slf4j\slf4j-api\1.7.30\slf4j-api-1.7.30.jar;F:\apache-maven-3.6.0\Repository\io\lettuce\lettuce-core\5.3.4.RELEASE\lettuce-core-5.3.4.RELEASE.jar;F:\apache-maven-3.6.0\Repository\io\netty\netty-common\4.1.52.Final\netty-common-4.1.52.Final.jar;F:\apache-maven-3.6.0\Repository\io\netty\netty-handler\4.1.52.Final\netty-handler-4.1.52.Final.jar;F:\apache-maven-3.6.0\Repository\io\netty\netty-resolver\4.1.52.Final\netty-resolver-4.1.52.Final.jar;F:\apache-maven-3.6.0\Repository\io\netty\netty-buffer\4.1.52.Final\netty-buffer-4.1.52.Final.jar;F:\apache-maven-3.6.0\Repository\io\netty\netty-codec\4.1.52.Final\netty-codec-4.1.52.Final.jar;F:\apache-maven-3.6.0\Repository\io\netty\netty-transport\4.1.52.Final\netty-transport-4.1.52.Final.jar;F:\apache-maven-3.6.0\Repository\io\projectreactor\reactor-core\3.3.10.RELEASE\reactor-core-3.3.10.RELEASE.jar;F:\apache-maven-3.6.0\Repository\org\reactivestreams\reactive-streams\1.0.3\reactive-streams-1.0.3.jar;F:\apache-maven-3.6.0\Repository\com\google\guava\guava\28.2-jre\guava-28.2-jre.jar;F:\apache-maven-3.6.0\Repository\com\google\guava\failureaccess\1.0.1\failureaccess-1.0.1.jar;F:\apache-maven-3.6.0\Repository\com\google\guava\listenablefuture\9999.0-empty-to-avoid-conflict-with-guava\listenablefuture-9999.0-empty-to-avoid-conflict-with-guava.jar;F:\apache-maven-3.6.0\Repository\com\google\code\findbugs\jsr305\3.0.2\jsr305-3.0.2.jar;F:\apache-maven-3.6.0\Repository\org\checkerframework\checker-qual\2.10.0\checker-qual-2.10.0.jar;F:\apache-maven-3.6.0\Repository\com\google\errorprone\error_prone_annotations\2.3.4\error_prone_annotations-2.3.4.jar;F:\apache-maven-3.6.0\Repository\com\google\j2objc\j2objc-annotations\1.3\j2objc-annotations-1.3.jar;F:\apache-maven-3.6.0\Repository\org\springframework\boot\spring-boot-starter-web\2.3.4.RELEASE\spring-boot-starter-web-2.3.4.RELEASE.jar;F:\apache-maven-3.6.0\Repository\org\springframework\boot\spring-boot-starter-json\2.3.4.RELEASE\spring-boot-starter-json-2.3.4.RELEASE.jar;F:\apache-maven-3.6.0\Repository\com\fasterxml\jackson\core\jackson-databind\2.11.2\jackson-databind-2.11.2.jar;F:\apache-maven-3.6.0\Repository\com\fasterxml\jackson\core\jackson-annotations\2.11.2\jackson-annotations-2.11.2.jar;F:\apache-maven-3.6.0\Repository\com\fasterxml\jackson\core\jackson-core\2.11.2\jackson-core-2.11.2.jar;F:\apache-maven-3.6.0\Repository\com\fasterxml\jackson\datatype\jackson-datatype-jdk8\2.11.2\jackson-datatype-jdk8-2.11.2.jar;F:\apache-maven-3.6.0\Repository\com\fasterxml\jackson\datatype\jackson-datatype-jsr310\2.11.2\jackson-datatype-jsr310-2.11.2.jar;F:\apache-maven-3.6.0\Repository\com\fasterxml\jackson\module\jackson-module-parameter-names\2.11.2\jackson-module-parameter-names-2.11.2.jar;F:\apache-maven-3.6.0\Repository\org\springframework\boot\spring-boot-starter-tomcat\2.3.4.RELEASE\spring-boot-starter-tomcat-2.3.4.RELEASE.jar;F:\apache-maven-3.6.0\Repository\org\apache\tomcat\embed\tomcat-embed-core\9.0.38\tomcat-embed-core-9.0.38.jar;F:\apache-maven-3.6.0\Repository\org\glassfish\jakarta.el\3.0.3\jakarta.el-3.0.3.jar;F:\apache-maven-3.6.0\Repository\org\apache\tomcat\embed\tomcat-embed-websocket\9.0.38\tomcat-embed-websocket-9.0.38.jar;F:\apache-maven-3.6.0\Repository\org\springframework\spring-web\5.2.9.RELEASE\spring-web-5.2.9.RELEASE.jar;F:\apache-maven-3.6.0\Repository\org\springframework\spring-beans\5.2.9.RELEASE\spring-beans-5.2.9.RELEASE.jar;F:\apache-maven-3.6.0\Repository\org\springframework\spring-webmvc\5.2.9.RELEASE\spring-webmvc-5.2.9.RELEASE.jar;F:\apache-maven-3.6.0\Repository\org\springframework\spring-context\5.2.9.RELEASE\spring-context-5.2.9.RELEASE.jar;F:\apache-maven-3.6.0\Repository\org\springframework\spring-expression\5.2.9.RELEASE\spring-expression-5.2.9.RELEASE.jar;F:\apache-maven-3.6.0\Repository\org\mybatis\spring\boot\mybatis-spring-boot-starter\2.1.3\mybatis-spring-boot-starter-2.1.3.jar;F:\apache-maven-3.6.0\Repository\org\springframework\boot\spring-boot-starter-jdbc\2.3.4.RELEASE\spring-boot-starter-jdbc-2.3.4.RELEASE.jar;F:\apache-maven-3.6.0\Repository\com\zaxxer\HikariCP\3.4.5\HikariCP-3.4.5.jar;F:\apache-maven-3.6.0\Repository\org\springframework\spring-jdbc\5.2.9.RELEASE\spring-jdbc-5.2.9.RELEASE.jar;F:\apache-maven-3.6.0\Repository\org\mybatis\spring\boot\mybatis-spring-boot-autoconfigure\2.1.3\mybatis-spring-boot-autoconfigure-2.1.3.jar;F:\apache-maven-3.6.0\Repository\org\mybatis\mybatis\3.5.5\mybatis-3.5.5.jar;F:\apache-maven-3.6.0\Repository\org\mybatis\mybatis-spring\2.0.5\mybatis-spring-2.0.5.jar;F:\apache-maven-3.6.0\Repository\com\alibaba\druid\1.0.9\druid-1.0.9.jar;F:\Java\jdk1.8.0_241\jre\..\lib\jconsole.jar;F:\Java\jdk1.8.0_241\jre\..\lib\tools.jar;F:\apache-maven-3.6.0\Repository\mysql\mysql-connector-java\5.1.38\mysql-connector-java-5.1.38.jar;F:\apache-maven-3.6.0\Repository\org\projectlombok\lombok\1.18.12\lombok-1.18.12.jar;F:\apache-maven-3.6.0\Repository\org\springframework\boot\spring-boot-starter-test\2.3.4.RELEASE\spring-boot-starter-test-2.3.4.RELEASE.jar;F:\apache-maven-3.6.0\Repository\org\springframework\boot\spring-boot-test\2.3.4.RELEASE\spring-boot-test-2.3.4.RELEASE.jar;F:\apache-maven-3.6.0\Repository\org\springframework\boot\spring-boot-test-autoconfigure\2.3.4.RELEASE\spring-boot-test-autoconfigure-2.3.4.RELEASE.jar;F:\apache-maven-3.6.0\Repository\com\jayway\jsonpath\json-path\2.4.0\json-path-2.4.0.jar;F:\apache-maven-3.6.0\Repository\net\minidev\json-smart\2.3\json-smart-2.3.jar;F:\apache-maven-3.6.0\Repository\net\minidev\accessors-smart\1.2\accessors-smart-1.2.jar;F:\apache-maven-3.6.0\Repository\org\ow2\asm\asm\5.0.4\asm-5.0.4.jar;F:\apache-maven-3.6.0\Repository\jakarta\xml\bind\jakarta.xml.bind-api\2.3.3\jakarta.xml.bind-api-2.3.3.jar;F:\apache-maven-3.6.0\Repository\jakarta\activation\jakarta.activation-api\1.2.2\jakarta.activation-api-1.2.2.jar;F:\apache-maven-3.6.0\Repository\org\assertj\assertj-core\3.16.1\assertj-core-3.16.1.jar;F:\apache-maven-3.6.0\Repository\org\hamcrest\hamcrest\2.2\hamcrest-2.2.jar;F:\apache-maven-3.6.0\Repository\org\junit\jupiter\junit-jupiter\5.6.2\junit-jupiter-5.6.2.jar;F:\apache-maven-3.6.0\Repository\org\junit\jupiter\junit-jupiter-api\5.6.2\junit-jupiter-api-5.6.2.jar;F:\apache-maven-3.6.0\Repository\org\apiguardian\apiguardian-api\1.1.0\apiguardian-api-1.1.0.jar;F:\apache-maven-3.6.0\Repository\org\opentest4j\opentest4j\1.2.0\opentest4j-1.2.0.jar;F:\apache-maven-3.6.0\Repository\org\junit\platform\junit-platform-commons\1.6.2\junit-platform-commons-1.6.2.jar;F:\apache-maven-3.6.0\Repository\org\junit\jupiter\junit-jupiter-params\5.6.2\junit-jupiter-params-5.6.2.jar;F:\apache-maven-3.6.0\Repository\org\junit\jupiter\junit-jupiter-engine\5.6.2\junit-jupiter-engine-5.6.2.jar;F:\apache-maven-3.6.0\Repository\org\junit\platform\junit-platform-engine\1.6.2\junit-platform-engine-1.6.2.jar;F:\apache-maven-3.6.0\Repository\org\mockito\mockito-core\3.3.3\mockito-core-3.3.3.jar;F:\apache-maven-3.6.0\Repository\net\bytebuddy\byte-buddy\1.10.14\byte-buddy-1.10.14.jar;F:\apache-maven-3.6.0\Repository\net\bytebuddy\byte-buddy-agent\1.10.14\byte-buddy-agent-1.10.14.jar;F:\apache-maven-3.6.0\Repository\org\objenesis\objenesis\2.6\objenesis-2.6.jar;F:\apache-maven-3.6.0\Repository\org\mockito\mockito-junit-jupiter\3.3.3\mockito-junit-jupiter-3.3.3.jar;F:\apache-maven-3.6.0\Repository\org\skyscreamer\jsonassert\1.5.0\jsonassert-1.5.0.jar;F:\apache-maven-3.6.0\Repository\com\vaadin\external\google\android-json\0.0.20131108.vaadin1\android-json-0.0.20131108.vaadin1.jar;F:\apache-maven-3.6.0\Repository\org\springframework\spring-core\5.2.9.RELEASE\spring-core-5.2.9.RELEASE.jar;F:\apache-maven-3.6.0\Repository\org\springframework\spring-jcl\5.2.9.RELEASE\spring-jcl-5.2.9.RELEASE.jar;F:\apache-maven-3.6.0\Repository\org\springframework\spring-test\5.2.9.RELEASE\spring-test-5.2.9.RELEASE.jar;F:\apache-maven-3.6.0\Repository\org\xmlunit\xmlunit-core\2.7.0\xmlunit-core-2.7.0.jar;"/>
    <property name="java.vm.vendor" value="Oracle Corporation"/>
    <property name="sun.arch.data.model" value="64"/>
    <property name="user.variant" value=""/>
    <property name="java.vendor.url" value="http://java.oracle.com/"/>
    <property name="user.timezone" value="Asia/Shanghai"/>
    <property name="java.vm.specification.version" value="1.8"/>
    <property name="os.name" value="Windows 10"/>
    <property name="user.country" value="CN"/>
    <property name="sun.java.launcher" value="SUN_STANDARD"/>
    <property name="sun.boot.library.path" value="F:\Java\jdk1.8.0_241\jre\bin"/>
    <property name="sun.java.command" value="C:\Users\yijian\AppData\Local\Temp\surefire533338961412136630\surefirebooter4292588496379718500.jar C:\Users\yijian\AppData\Local\Temp\surefire533338961412136630 2020-10-29T11-15-46_489-jvmRun1 surefire3447274113364871716tmp surefire_09133752128990058997tmp"/>
    <property name="surefire.test.class.path" value="F:\IdeaProjects\qst\miaosha_system\target\test-classes;F:\IdeaProjects\qst\miaosha_system\target\classes;F:\apache-maven-3.6.0\Repository\org\springframework\boot\spring-boot-starter-data-redis\2.3.4.RELEASE\spring-boot-starter-data-redis-2.3.4.RELEASE.jar;F:\apache-maven-3.6.0\Repository\org\springframework\boot\spring-boot-starter\2.3.4.RELEASE\spring-boot-starter-2.3.4.RELEASE.jar;F:\apache-maven-3.6.0\Repository\org\springframework\boot\spring-boot\2.3.4.RELEASE\spring-boot-2.3.4.RELEASE.jar;F:\apache-maven-3.6.0\Repository\org\springframework\boot\spring-boot-autoconfigure\2.3.4.RELEASE\spring-boot-autoconfigure-2.3.4.RELEASE.jar;F:\apache-maven-3.6.0\Repository\org\springframework\boot\spring-boot-starter-logging\2.3.4.RELEASE\spring-boot-starter-logging-2.3.4.RELEASE.jar;F:\apache-maven-3.6.0\Repository\ch\qos\logback\logback-classic\1.2.3\logback-classic-1.2.3.jar;F:\apache-maven-3.6.0\Repository\ch\qos\logback\logback-core\1.2.3\logback-core-1.2.3.jar;F:\apache-maven-3.6.0\Repository\org\apache\logging\log4j\log4j-to-slf4j\2.13.3\log4j-to-slf4j-2.13.3.jar;F:\apache-maven-3.6.0\Repository\org\apache\logging\log4j\log4j-api\2.13.3\log4j-api-2.13.3.jar;F:\apache-maven-3.6.0\Repository\org\slf4j\jul-to-slf4j\1.7.30\jul-to-slf4j-1.7.30.jar;F:\apache-maven-3.6.0\Repository\jakarta\annotation\jakarta.annotation-api\1.3.5\jakarta.annotation-api-1.3.5.jar;F:\apache-maven-3.6.0\Repository\org\yaml\snakeyaml\1.26\snakeyaml-1.26.jar;F:\apache-maven-3.6.0\Repository\org\springframework\data\spring-data-redis\2.3.4.RELEASE\spring-data-redis-2.3.4.RELEASE.jar;F:\apache-maven-3.6.0\Repository\org\springframework\data\spring-data-keyvalue\2.3.4.RELEASE\spring-data-keyvalue-2.3.4.RELEASE.jar;F:\apache-maven-3.6.0\Repository\org\springframework\data\spring-data-commons\2.3.4.RELEASE\spring-data-commons-2.3.4.RELEASE.jar;F:\apache-maven-3.6.0\Repository\org\springframework\spring-tx\5.2.9.RELEASE\spring-tx-5.2.9.RELEASE.jar;F:\apache-maven-3.6.0\Repository\org\springframework\spring-oxm\5.2.9.RELEASE\spring-oxm-5.2.9.RELEASE.jar;F:\apache-maven-3.6.0\Repository\org\springframework\spring-aop\5.2.9.RELEASE\spring-aop-5.2.9.RELEASE.jar;F:\apache-maven-3.6.0\Repository\org\springframework\spring-context-support\5.2.9.RELEASE\spring-context-support-5.2.9.RELEASE.jar;F:\apache-maven-3.6.0\Repository\org\slf4j\slf4j-api\1.7.30\slf4j-api-1.7.30.jar;F:\apache-maven-3.6.0\Repository\io\lettuce\lettuce-core\5.3.4.RELEASE\lettuce-core-5.3.4.RELEASE.jar;F:\apache-maven-3.6.0\Repository\io\netty\netty-common\4.1.52.Final\netty-common-4.1.52.Final.jar;F:\apache-maven-3.6.0\Repository\io\netty\netty-handler\4.1.52.Final\netty-handler-4.1.52.Final.jar;F:\apache-maven-3.6.0\Repository\io\netty\netty-resolver\4.1.52.Final\netty-resolver-4.1.52.Final.jar;F:\apache-maven-3.6.0\Repository\io\netty\netty-buffer\4.1.52.Final\netty-buffer-4.1.52.Final.jar;F:\apache-maven-3.6.0\Repository\io\netty\netty-codec\4.1.52.Final\netty-codec-4.1.52.Final.jar;F:\apache-maven-3.6.0\Repository\io\netty\netty-transport\4.1.52.Final\netty-transport-4.1.52.Final.jar;F:\apache-maven-3.6.0\Repository\io\projectreactor\reactor-core\3.3.10.RELEASE\reactor-core-3.3.10.RELEASE.jar;F:\apache-maven-3.6.0\Repository\org\reactivestreams\reactive-streams\1.0.3\reactive-streams-1.0.3.jar;F:\apache-maven-3.6.0\Repository\com\google\guava\guava\28.2-jre\guava-28.2-jre.jar;F:\apache-maven-3.6.0\Repository\com\google\guava\failureaccess\1.0.1\failureaccess-1.0.1.jar;F:\apache-maven-3.6.0\Repository\com\google\guava\listenablefuture\9999.0-empty-to-avoid-conflict-with-guava\listenablefuture-9999.0-empty-to-avoid-conflict-with-guava.jar;F:\apache-maven-3.6.0\Repository\com\google\code\findbugs\jsr305\3.0.2\jsr305-3.0.2.jar;F:\apache-maven-3.6.0\Repository\org\checkerframework\checker-qual\2.10.0\checker-qual-2.10.0.jar;F:\apache-maven-3.6.0\Repository\com\google\errorprone\error_prone_annotations\2.3.4\error_prone_annotations-2.3.4.jar;F:\apache-maven-3.6.0\Repository\com\google\j2objc\j2objc-annotations\1.3\j2objc-annotations-1.3.jar;F:\apache-maven-3.6.0\Repository\org\springframework\boot\spring-boot-starter-web\2.3.4.RELEASE\spring-boot-starter-web-2.3.4.RELEASE.jar;F:\apache-maven-3.6.0\Repository\org\springframework\boot\spring-boot-starter-json\2.3.4.RELEASE\spring-boot-starter-json-2.3.4.RELEASE.jar;F:\apache-maven-3.6.0\Repository\com\fasterxml\jackson\core\jackson-databind\2.11.2\jackson-databind-2.11.2.jar;F:\apache-maven-3.6.0\Repository\com\fasterxml\jackson\core\jackson-annotations\2.11.2\jackson-annotations-2.11.2.jar;F:\apache-maven-3.6.0\Repository\com\fasterxml\jackson\core\jackson-core\2.11.2\jackson-core-2.11.2.jar;F:\apache-maven-3.6.0\Repository\com\fasterxml\jackson\datatype\jackson-datatype-jdk8\2.11.2\jackson-datatype-jdk8-2.11.2.jar;F:\apache-maven-3.6.0\Repository\com\fasterxml\jackson\datatype\jackson-datatype-jsr310\2.11.2\jackson-datatype-jsr310-2.11.2.jar;F:\apache-maven-3.6.0\Repository\com\fasterxml\jackson\module\jackson-module-parameter-names\2.11.2\jackson-module-parameter-names-2.11.2.jar;F:\apache-maven-3.6.0\Repository\org\springframework\boot\spring-boot-starter-tomcat\2.3.4.RELEASE\spring-boot-starter-tomcat-2.3.4.RELEASE.jar;F:\apache-maven-3.6.0\Repository\org\apache\tomcat\embed\tomcat-embed-core\9.0.38\tomcat-embed-core-9.0.38.jar;F:\apache-maven-3.6.0\Repository\org\glassfish\jakarta.el\3.0.3\jakarta.el-3.0.3.jar;F:\apache-maven-3.6.0\Repository\org\apache\tomcat\embed\tomcat-embed-websocket\9.0.38\tomcat-embed-websocket-9.0.38.jar;F:\apache-maven-3.6.0\Repository\org\springframework\spring-web\5.2.9.RELEASE\spring-web-5.2.9.RELEASE.jar;F:\apache-maven-3.6.0\Repository\org\springframework\spring-beans\5.2.9.RELEASE\spring-beans-5.2.9.RELEASE.jar;F:\apache-maven-3.6.0\Repository\org\springframework\spring-webmvc\5.2.9.RELEASE\spring-webmvc-5.2.9.RELEASE.jar;F:\apache-maven-3.6.0\Repository\org\springframework\spring-context\5.2.9.RELEASE\spring-context-5.2.9.RELEASE.jar;F:\apache-maven-3.6.0\Repository\org\springframework\spring-expression\5.2.9.RELEASE\spring-expression-5.2.9.RELEASE.jar;F:\apache-maven-3.6.0\Repository\org\mybatis\spring\boot\mybatis-spring-boot-starter\2.1.3\mybatis-spring-boot-starter-2.1.3.jar;F:\apache-maven-3.6.0\Repository\org\springframework\boot\spring-boot-starter-jdbc\2.3.4.RELEASE\spring-boot-starter-jdbc-2.3.4.RELEASE.jar;F:\apache-maven-3.6.0\Repository\com\zaxxer\HikariCP\3.4.5\HikariCP-3.4.5.jar;F:\apache-maven-3.6.0\Repository\org\springframework\spring-jdbc\5.2.9.RELEASE\spring-jdbc-5.2.9.RELEASE.jar;F:\apache-maven-3.6.0\Repository\org\mybatis\spring\boot\mybatis-spring-boot-autoconfigure\2.1.3\mybatis-spring-boot-autoconfigure-2.1.3.jar;F:\apache-maven-3.6.0\Repository\org\mybatis\mybatis\3.5.5\mybatis-3.5.5.jar;F:\apache-maven-3.6.0\Repository\org\mybatis\mybatis-spring\2.0.5\mybatis-spring-2.0.5.jar;F:\apache-maven-3.6.0\Repository\com\alibaba\druid\1.0.9\druid-1.0.9.jar;F:\Java\jdk1.8.0_241\jre\..\lib\jconsole.jar;F:\Java\jdk1.8.0_241\jre\..\lib\tools.jar;F:\apache-maven-3.6.0\Repository\mysql\mysql-connector-java\5.1.38\mysql-connector-java-5.1.38.jar;F:\apache-maven-3.6.0\Repository\org\projectlombok\lombok\1.18.12\lombok-1.18.12.jar;F:\apache-maven-3.6.0\Repository\org\springframework\boot\spring-boot-starter-test\2.3.4.RELEASE\spring-boot-starter-test-2.3.4.RELEASE.jar;F:\apache-maven-3.6.0\Repository\org\springframework\boot\spring-boot-test\2.3.4.RELEASE\spring-boot-test-2.3.4.RELEASE.jar;F:\apache-maven-3.6.0\Repository\org\springframework\boot\spring-boot-test-autoconfigure\2.3.4.RELEASE\spring-boot-test-autoconfigure-2.3.4.RELEASE.jar;F:\apache-maven-3.6.0\Repository\com\jayway\jsonpath\json-path\2.4.0\json-path-2.4.0.jar;F:\apache-maven-3.6.0\Repository\net\minidev\json-smart\2.3\json-smart-2.3.jar;F:\apache-maven-3.6.0\Repository\net\minidev\accessors-smart\1.2\accessors-smart-1.2.jar;F:\apache-maven-3.6.0\Repository\org\ow2\asm\asm\5.0.4\asm-5.0.4.jar;F:\apache-maven-3.6.0\Repository\jakarta\xml\bind\jakarta.xml.bind-api\2.3.3\jakarta.xml.bind-api-2.3.3.jar;F:\apache-maven-3.6.0\Repository\jakarta\activation\jakarta.activation-api\1.2.2\jakarta.activation-api-1.2.2.jar;F:\apache-maven-3.6.0\Repository\org\assertj\assertj-core\3.16.1\assertj-core-3.16.1.jar;F:\apache-maven-3.6.0\Repository\org\hamcrest\hamcrest\2.2\hamcrest-2.2.jar;F:\apache-maven-3.6.0\Repository\org\junit\jupiter\junit-jupiter\5.6.2\junit-jupiter-5.6.2.jar;F:\apache-maven-3.6.0\Repository\org\junit\jupiter\junit-jupiter-api\5.6.2\junit-jupiter-api-5.6.2.jar;F:\apache-maven-3.6.0\Repository\org\apiguardian\apiguardian-api\1.1.0\apiguardian-api-1.1.0.jar;F:\apache-maven-3.6.0\Repository\org\opentest4j\opentest4j\1.2.0\opentest4j-1.2.0.jar;F:\apache-maven-3.6.0\Repository\org\junit\platform\junit-platform-commons\1.6.2\junit-platform-commons-1.6.2.jar;F:\apache-maven-3.6.0\Repository\org\junit\jupiter\junit-jupiter-params\5.6.2\junit-jupiter-params-5.6.2.jar;F:\apache-maven-3.6.0\Repository\org\junit\jupiter\junit-jupiter-engine\5.6.2\junit-jupiter-engine-5.6.2.jar;F:\apache-maven-3.6.0\Repository\org\junit\platform\junit-platform-engine\1.6.2\junit-platform-engine-1.6.2.jar;F:\apache-maven-3.6.0\Repository\org\mockito\mockito-core\3.3.3\mockito-core-3.3.3.jar;F:\apache-maven-3.6.0\Repository\net\bytebuddy\byte-buddy\1.10.14\byte-buddy-1.10.14.jar;F:\apache-maven-3.6.0\Repository\net\bytebuddy\byte-buddy-agent\1.10.14\byte-buddy-agent-1.10.14.jar;F:\apache-maven-3.6.0\Repository\org\objenesis\objenesis\2.6\objenesis-2.6.jar;F:\apache-maven-3.6.0\Repository\org\mockito\mockito-junit-jupiter\3.3.3\mockito-junit-jupiter-3.3.3.jar;F:\apache-maven-3.6.0\Repository\org\skyscreamer\jsonassert\1.5.0\jsonassert-1.5.0.jar;F:\apache-maven-3.6.0\Repository\com\vaadin\external\google\android-json\0.0.20131108.vaadin1\android-json-0.0.20131108.vaadin1.jar;F:\apache-maven-3.6.0\Repository\org\springframework\spring-core\5.2.9.RELEASE\spring-core-5.2.9.RELEASE.jar;F:\apache-maven-3.6.0\Repository\org\springframework\spring-jcl\5.2.9.RELEASE\spring-jcl-5.2.9.RELEASE.jar;F:\apache-maven-3.6.0\Repository\org\springframework\spring-test\5.2.9.RELEASE\spring-test-5.2.9.RELEASE.jar;F:\apache-maven-3.6.0\Repository\org\xmlunit\xmlunit-core\2.7.0\xmlunit-core-2.7.0.jar;"/>
    <property name="sun.cpu.endian" value="little"/>
    <property name="user.home" value="C:\Users\yijian"/>
    <property name="user.language" value="zh"/>
    <property name="java.specification.vendor" value="Oracle Corporation"/>
    <property name="java.home" value="F:\Java\jdk1.8.0_241\jre"/>
    <property name="basedir" value="F:\IdeaProjects\qst\miaosha_system"/>
    <property name="file.separator" value="\"/>
    <property name="line.separator" value="&#10;"/>
    <property name="java.vm.specification.vendor" value="Oracle Corporation"/>
    <property name="java.specification.name" value="Java Platform API Specification"/>
    <property name="java.awt.graphicsenv" value="sun.awt.Win32GraphicsEnvironment"/>
    <property name="surefire.real.class.path" value="C:\Users\yijian\AppData\Local\Temp\surefire533338961412136630\surefirebooter4292588496379718500.jar"/>
    <property name="sun.boot.class.path" value="F:\Java\jdk1.8.0_241\jre\lib\resources.jar;F:\Java\jdk1.8.0_241\jre\lib\rt.jar;F:\Java\jdk1.8.0_241\jre\lib\sunrsasign.jar;F:\Java\jdk1.8.0_241\jre\lib\jsse.jar;F:\Java\jdk1.8.0_241\jre\lib\jce.jar;F:\Java\jdk1.8.0_241\jre\lib\charsets.jar;F:\Java\jdk1.8.0_241\jre\lib\jfr.jar;F:\Java\jdk1.8.0_241\jre\classes"/>
    <property name="user.script" value=""/>
    <property name="sun.management.compiler" value="HotSpot 64-Bit Tiered Compilers"/>
    <property name="java.runtime.version" value="1.8.0_241-b07"/>
    <property name="user.name" value="yijian"/>
    <property name="path.separator" value=";"/>
    <property name="os.version" value="10.0"/>
    <property name="java.endorsed.dirs" value="F:\Java\jdk1.8.0_241\jre\lib\endorsed"/>
    <property name="java.runtime.name" value="Java(TM) SE Runtime Environment"/>
    <property name="file.encoding" value="GBK"/>
    <property name="java.vm.name" value="Java HotSpot(TM) 64-Bit Server VM"/>
    <property name="localRepository" value="F:\apache-maven-3.6.0\Repository"/>
    <property name="java.vendor.url.bug" value="http://bugreport.sun.com/bugreport/"/>
    <property name="java.io.tmpdir" value="C:\Users\yijian\AppData\Local\Temp\"/>
    <property name="java.version" value="1.8.0_241"/>
    <property name="user.dir" value="F:\IdeaProjects\qst\miaosha_system"/>
    <property name="os.arch" value="amd64"/>
    <property name="java.vm.specification.name" value="Java Virtual Machine Specification"/>
    <property name="java.awt.printerjob" value="sun.awt.windows.WPrinterJob"/>
    <property name="idea.version2019.3.1" value="true"/>
    <property name="sun.os.patch.level" value=""/>
    <property name="java.library.path" value="F:\Java\jdk1.8.0_241\jre\bin;C:\Windows\Sun\Java\bin;C:\Windows\system32;C:\Windows;G:\xftp6\;C:\Windows\system32;C:\Windows;C:\Windows\System32\Wbem;C:\Windows\System32\WindowsPowerShell\v1.0\;C:\Windows\System32\OpenSSH\;F:\Java\jdk1.8.0_241\bin;F:\Java\jdk1.8.0_241\jre\bin;F:\Git\cmd;F:\Program Files\nodejs\;F:\apache-maven-3.6.0\bin;C:\Users\yijian\AppData\Local\Microsoft\WindowsApps;C:\Users\yijian\AppData\Roaming\npm;F:\VS Code\bin;F:\WebStorm 2019.1.3\bin;;."/>
    <property name="java.vm.info" value="mixed mode"/>
    <property name="java.vendor" value="Oracle Corporation"/>
    <property name="java.vm.version" value="25.241-b07"/>
    <property name="java.ext.dirs" value="F:\Java\jdk1.8.0_241\jre\lib\ext;C:\Windows\Sun\Java\lib\ext"/>
    <property name="sun.io.unicode.encoding" value="UnicodeLittle"/>
    <property name="maven.repo.local" value="F:\apache-maven-3.6.0\Repository"/>
    <property name="java.class.version" value="52.0"/>
  </properties>
  <testcase name="contextLoads" classname="com.yj.MiaoshaSystemApplicationTests" time="0.266"/>
</testsuite>